ContactsInlineMock/proguard/mapping.txt
fr.prados.contacts.providers.mock.Application -> fr.prados.contacts.providers.mock.Application:
fr.prados.contacts.providers.mock.MockAuthenticationService -> fr.prados.contacts.providers.mock.MockAuthenticationService:
    android.accounts.AbstractAccountAuthenticator _authenticator -> a
    void onCreate() -> onCreate
    android.os.IBinder onBind(android.content.Intent) -> onBind
    void onlineConfirmPassword(java.lang.String,java.lang.String) -> a
fr.prados.contacts.providers.mock.MockAuthenticator -> fr.prados.contacts.providers.mock.MockAuthenticator:
    void checkOnlineAccount(android.os.Bundle,android.accounts.Account,java.lang.String) -> a
fr.prados.contacts.providers.mock.MockProvider -> fr.prados.contacts.providers.mock.MockProvider:
    fr.prados.contacts.VolatileContact createVC(java.lang.String,java.lang.String) -> b
    fr.prados.contacts.providers.ResultsAndExceptions queryContact(java.lang.String,java.lang.String,java.lang.String) -> a
    byte[] getAccountPhoto(fr.prados.contacts.ContactId) -> a
    fr.prados.contacts.VolatileContact getContact(java.lang.String,java.lang.String) -> a
    fr.prados.contacts.VolatileContact getVolatileContact(fr.prados.contacts.ContactId) -> b
fr.prados.contacts.providers.mock.MockProviderService -> fr.prados.contacts.providers.mock.MockProviderService:
    fr.prados.contacts.providers.mock.MockProvider _binder -> a
    android.os.IBinder onBind(android.content.Intent) -> onBind
fr.prados.contacts.providers.mock.MockSyncAdapterService -> fr.prados.contacts.providers.mock.MockSyncAdapterService:
    fr.prados.contacts.providers.mock.MockSyncAdapterService$SyncAdapterImpl _syncAdapter -> a
    android.os.IBinder onBind(android.content.Intent) -> onBind
fr.prados.contacts.providers.mock.MockSyncAdapterService$SyncAdapterImpl -> fr.prados.contacts.providers.mock.a:
    android.content.ContentResolver _resolver -> a
    java.lang.String[] COLS_RAW -> b
    void onPerformSync(android.accounts.Account,android.os.Bundle,java.lang.String,android.content.ContentProviderClient,android.content.SyncResult) -> onPerformSync
    void onSyncCanceled() -> onSyncCanceled
fr.prados.contacts.providers.mock.MockVerySimpleAuthenticator -> fr.prados.contacts.providers.mock.b:
    android.accounts.AccountManager _accountManager -> a
    android.os.Bundle addAccount(android.accounts.AccountAuthenticatorResponse,java.lang.String,java.lang.String,java.lang.String[],android.os.Bundle) -> addAccount
    android.os.Bundle confirmCredentials(android.accounts.AccountAuthenticatorResponse,android.accounts.Account,android.os.Bundle) -> confirmCredentials
    android.os.Bundle editProperties(android.accounts.AccountAuthenticatorResponse,java.lang.String) -> editProperties
    android.os.Bundle getAuthToken(android.accounts.AccountAuthenticatorResponse,android.accounts.Account,java.lang.String,android.os.Bundle) -> getAuthToken
    java.lang.String getAuthTokenLabel(java.lang.String) -> getAuthTokenLabel
    android.os.Bundle hasFeatures(android.accounts.AccountAuthenticatorResponse,android.accounts.Account,java.lang.String[]) -> hasFeatures
    android.os.Bundle updateCredentials(android.accounts.AccountAuthenticatorResponse,android.accounts.Account,java.lang.String,android.os.Bundle) -> updateCredentials
...
fr.prados.contacts.providers.QueryWarning -> fr.prados.contacts.providers.QueryWarning:
fr.prados.contacts.providers.ResultsAndExceptions -> fr.prados.contacts.providers.ResultsAndExceptions:
    java.util.ArrayList contacts -> a
    java.util.List exceptions -> b
    int pendingJob -> c
    long timeout -> d
    android.os.Parcelable$Creator CREATOR -> CREATOR
    void writeToParcel(android.os.Parcel,int) -> writeToParcel
    int describeContents() -> describeContents
    java.lang.String toString() -> toString
fr.prados.contacts.providers.ResultsAndExceptions$1 -> fr.prados.contacts.providers.c:
    fr.prados.contacts.providers.ResultsAndExceptions createFromParcel(android.os.Parcel) -> a
    fr.prados.contacts.providers.ResultsAndExceptions[] newArray(int) -> a
    java.lang.Object createFromParcel(android.os.Parcel) -> createFromParcel
    java.lang.Object[] newArray(int) -> newArray
fr.prados.contacts.providers.TransportException -> fr.prados.contacts.providers.TransportException:
    fr.prados.contacts.providers.QueryException _e -> a
    android.os.Parcelable$Creator CREATOR -> CREATOR
    int describeContents() -> describeContents
    void writeToParcel(android.os.Parcel,int) -> writeToParcel
    void readFromParcel(android.os.Parcel) -> a
fr.prados.contacts.providers.TransportException$1 -> fr.prados.contacts.providers.d:
    fr.prados.contacts.providers.TransportException createFromParcel(android.os.Parcel) -> a
    fr.prados.contacts.providers.TransportException[] newArray(int) -> a
    java.lang.Object createFromParcel(android.os.Parcel) -> createFromParcel
    java.lang.Object[] newArray(int) -> newArray
fr.prados.contacts.tools.CheckContext -> fr.prados.contacts.tools.a:
    boolean isContactInline(android.app.Activity) -> a
    boolean isAndroidMinVersion(android.app.Activity,int) -> a
fr.prados.contacts.tools.CheckContext$1 -> fr.prados.contacts.tools.b:
    android.app.Activity val$context -> a
    void onClick(android.content.DialogInterface,int) -> onClick
fr.prados.contacts.tools.CheckContext$2 -> fr.prados.contacts.tools.c:
    android.app.Activity val$context -> a
    void onClick(android.content.DialogInterface,int) -> onClick
fr.prados.contacts.tools.Eula -> fr.prados.contacts.tools.d:
    java.lang.String TAG -> a
    void showEula(android.app.Activity,int) -> a
    java.lang.CharSequence readFile(android.app.Activity,int) -> b
fr.prados.contacts.tools.Eula$1 -> fr.prados.contacts.tools.e:
    android.content.SharedPreferences val$preferences -> a
    void onClick(android.content.DialogInterface,int) -> onClick
fr.prados.contacts.tools.Eula$2 -> fr.prados.contacts.tools.f:
    android.app.Activity val$activity -> a
    void onClick(android.content.DialogInterface,int) -> onClick
fr.prados.contacts.tools.Eula$3 -> fr.prados.contacts.tools.g:
    android.app.Activity val$activity -> a
    void onCancel(android.content.DialogInterface) -> onCancel
fr.prados.contacts.tools.HelpDebug -> fr.prados.contacts.tools.h:
    fr.prados.contacts.tools.HelpDebug$Debug _debug -> a
    void strictDeath() -> a
fr.prados.contacts.tools.HelpDebug$1 -> fr.prados.contacts.tools.i:
    void strictDeath() -> a
fr.prados.contacts.tools.HelpDebug$2 -> fr.prados.contacts.tools.j:
    void strictDeath() -> a
fr.prados.contacts.tools.HelpDebug$Debug -> fr.prados.contacts.tools.k:
    void strictDeath() -> a
fr.prados.contacts.tools.LogMarket -> fr.prados.contacts.tools.l:
    fr.prados.contacts.tools.LogMarket$WTF _wtf -> a
    void wtf(java.lang.String,java.lang.String) -> a
fr.prados.contacts.tools.LogMarket$1 -> fr.prados.contacts.tools.m:
    void wtf(java.lang.String,java.lang.String) -> a
fr.prados.contacts.tools.LogMarket$2 -> fr.prados.contacts.tools.n:
    void wtf(java.lang.String,java.lang.String) -> a
fr.prados.contacts.tools.LogMarket$WTF -> fr.prados.contacts.tools.o:
    void wtf(java.lang.String,java.lang.String) -> a