ContactsInlineMock/proguard/usage.txt
fr.prados.contacts.providers.mock.Application:
    public static final java.lang.String ACCOUNT_TYPE
    public static final java.lang.String DEFAULT_ACCOUNT_NAME
    public static final boolean ACCOUNT_WITH_PASSWORD
    public static final boolean ACCOUNT_WITH_SYNC
fr.prados.contacts.providers.mock.BuildConfig
fr.prados.contacts.providers.mock.MockAuthenticationService:
    public static final java.lang.String AUTHTOKEN_TYPE
fr.prados.contacts.providers.mock.MockAuthenticator:
    public static final java.lang.String KEY_USERNAME
    30:31:public MockAuthenticator(android.content.Context)
fr.prados.contacts.providers.mock.MockSyncAdapterService:
    private static final java.lang.String TAG
fr.prados.contacts.providers.mock.MockVerySimpleAuthenticator:
    private static final java.lang.String TOKEN
    private static final java.lang.String PASSWORD
fr.prados.contacts.providers.mock.MockWizardActivity:
    private static final java.lang.String TAG
    private static final int DIALOG_PROGRESS
fr.prados.contacts.providers.mock.R
fr.prados.contacts.providers.mock.R$anim
fr.prados.contacts.providers.mock.R$attr
fr.prados.contacts.providers.mock.R$dimen
fr.prados.contacts.providers.mock.R$drawable
fr.prados.contacts.providers.mock.R$id
fr.prados.contacts.providers.mock.R$layout
fr.prados.contacts.providers.mock.R$raw
fr.prados.contacts.providers.mock.R$string
fr.prados.contacts.providers.mock.R$style
fr.prados.contacts.providers.mock.R$xml
...
fr.prados.contacts.lib.R$id
fr.prados.contacts.lib.R$layout
fr.prados.contacts.lib.R$raw
fr.prados.contacts.lib.R$string:
    48:48:public R$string()
fr.prados.contacts.lib.R$style
fr.prados.contacts.lib.R$xml
fr.prados.contacts.providers.AbstractSimpleAuthenticator:
    private static final java.lang.String TAG
    private static final java.lang.String PARAM_ACCOUNT_TYPE
    public static final java.lang.String PARAM_AUTHTOKEN_TYPE
    public static final java.lang.String AUTHTOKEN_TYPE
    49:52:public AbstractSimpleAuthenticator(android.content.Context,java.lang.Class)
    226:240:public static void invalideCredential(android.accounts.Account,java.lang.String)
    244:249:public static android.os.Bundle createResultBundle(android.accounts.Account,java.lang.String)
fr.prados.contacts.providers.AuthQueryException:
    private static final long serialVersionUID
    29:30:public AuthQueryException(java.lang.String,java.lang.String)
    33:34:public AuthQueryException(java.lang.String,java.lang.String,java.lang.Throwable)
fr.prados.contacts.providers.IProvider$Stub:
    private static final java.lang.String DESCRIPTOR
    static final int TRANSACTION_onCreate
    static final int TRANSACTION_onStart
    static final int TRANSACTION_onStop
    static final int TRANSACTION_queryContact
    static final int TRANSACTION_getAccountPhoto
    static final int TRANSACTION_getVolatileContact
    static final int TRANSACTION_signalCanceled
    static final int TRANSACTION_resetCanceled
    static final int TRANSACTION_isCanceled
    23:30:public static fr.prados.contacts.providers.IProvider asInterface(android.os.IBinder)
fr.prados.contacts.providers.IProvider$Stub$Proxy:
    156:159:IProvider$Stub$Proxy(android.os.IBinder)
    166:166:public java.lang.String getInterfaceDescriptor()
fr.prados.contacts.providers.Provider:
    public static final java.lang.String JOIN_PHONE_SUFFIX
    public static final java.lang.String JOIN_POSTAL_SUFFIX
    public static final java.lang.String QUERY_MODE_ALL
    public static final java.lang.String QUERY_MODE_ALL_WITH_PHONE
    public static final java.lang.String QUERY_MODE_ALL_WITH_ADDRESS
    public static final java.lang.String QUERY_MODE_MAILTO
    public static final java.lang.String QUERY_MODE_TEL
    public static final java.lang.String QUERY_MODE_NAME
fr.prados.contacts.providers.Provider$OnQuery
fr.prados.contacts.providers.QueryError:
    private static final long serialVersionUID
    29:30:public QueryError(java.lang.String,java.lang.String)
    33:34:public QueryError(java.lang.String,java.lang.Throwable)
    37:38:public QueryError(java.lang.String,java.lang.String,java.lang.Throwable)
fr.prados.contacts.providers.QueryException:
    private static final long serialVersionUID
    38:41:protected QueryException(java.lang.String,java.lang.String)
    92:95:protected QueryException(java.lang.String,java.lang.String,java.lang.Throwable)
    103:103:public final java.lang.String getAccountName()
fr.prados.contacts.providers.QueryWarning:
    private static final long serialVersionUID
    27:28:public QueryWarning(java.lang.String,java.lang.String)
    31:32:public QueryWarning(java.lang.String,java.lang.String,java.lang.Throwable)
fr.prados.contacts.providers.ResultsAndExceptions:
    public android.database.MatrixCursor cursor
fr.prados.contacts.providers.TransportException:
    26:27:public void setException(fr.prados.contacts.providers.QueryException)
    30:31:public void getException()
fr.prados.contacts.tools.CheckContext:
    30:30:public CheckContext()
fr.prados.contacts.tools.Eula:
    private static final java.lang.String PREFERENCE_EULA_ACCEPTED
    private static final java.lang.String PREFERENCES_EULA
    51:51:public Eula()
fr.prados.contacts.tools.HelpDebug:
    23:23:public HelpDebug()
    84:85:public static void strictDefaults()
fr.prados.contacts.tools.HelpDebug$1:
    43:44:public void strictDefault()